<?xml version="1.0" encoding="UTF-8"?>
<testsuite xmlns:xsi="http://www.w3.org/2001/XMLSchema-instance" xsi:noNamespaceSchemaLocation="https://maven.apache.org/surefire/maven-surefire-plugin/xsd/surefire-test-report.xsd" name="cn.rainingapple.StockrecApplicationTests" time="2.694" tests="1" errors="0" skipped="0" failures="0">
  <properties>
    <property name="sun.desktop" value="windows"/>
    <property name="awt.toolkit" value="sun.awt.windows.WToolkit"/>
    <property name="file.encoding.pkg" value="sun.io"/>
    <property name="java.specification.version" value="1.8"/>
    <property name="sun.cpu.isalist" value="amd64"/>
    <property name="sun.jnu.encoding" value="GBK"/>
    <property name="java.class.path" value="E:\课程资料\生产实习\pdata\target\test-classes;E:\课程资料\生产实习\pdata\target\classes;E:\java-tools\repo\org\springframework\boot\spring-boot-starter-web\2.5.3\spring-boot-starter-web-2.5.3.jar;E:\java-tools\repo\org\springframework\boot\spring-boot-starter\2.5.3\spring-boot-starter-2.5.3.jar;E:\java-tools\repo\org\springframework\boot\spring-boot\2.5.3\spring-boot-2.5.3.jar;E:\java-tools\repo\org\springframework\boot\spring-boot-autoconfigure\2.5.3\spring-boot-autoconfigure-2.5.3.jar;E:\java-tools\repo\org\springframework\boot\spring-boot-starter-logging\2.5.3\spring-boot-starter-logging-2.5.3.jar;E:\java-tools\repo\ch\qos\logback\logback-classic\1.2.4\logback-classic-1.2.4.jar;E:\java-tools\repo\ch\qos\logback\logback-core\1.2.4\logback-core-1.2.4.jar;E:\java-tools\repo\org\apache\logging\log4j\log4j-to-slf4j\2.14.1\log4j-to-slf4j-2.14.1.jar;E:\java-tools\repo\org\apache\logging\log4j\log4j-api\2.14.1\log4j-api-2.14.1.jar;E:\java-tools\repo\org\slf4j\jul-to-slf4j\1.7.32\jul-to-slf4j-1.7.32.jar;E:\java-tools\repo\jakarta\annotation\jakarta.annotation-api\1.3.5\jakarta.annotation-api-1.3.5.jar;E:\java-tools\repo\org\yaml\snakeyaml\1.28\snakeyaml-1.28.jar;E:\java-tools\repo\org\springframework\boot\spring-boot-starter-json\2.5.3\spring-boot-starter-json-2.5.3.jar;E:\java-tools\repo\com\fasterxml\jackson\core\jackson-databind\2.12.4\jackson-databind-2.12.4.jar;E:\java-tools\repo\com\fasterxml\jackson\core\jackson-annotations\2.12.4\jackson-annotations-2.12.4.jar;E:\java-tools\repo\com\fasterxml\jackson\core\jackson-core\2.12.4\jackson-core-2.12.4.jar;E:\java-tools\repo\com\fasterxml\jackson\datatype\jackson-datatype-jdk8\2.12.4\jackson-datatype-jdk8-2.12.4.jar;E:\java-tools\repo\com\fasterxml\jackson\datatype\jackson-datatype-jsr310\2.12.4\jackson-datatype-jsr310-2.12.4.jar;E:\java-tools\repo\com\fasterxml\jackson\module\jackson-module-parameter-names\2.12.4\jackson-module-parameter-names-2.12.4.jar;E:\java-tools\repo\org\springframework\boot\spring-boot-starter-tomcat\2.5.3\spring-boot-starter-tomcat-2.5.3.jar;E:\java-tools\repo\org\apache\tomcat\embed\tomcat-embed-core\9.0.50\tomcat-embed-core-9.0.50.jar;E:\java-tools\repo\org\apache\tomcat\embed\tomcat-embed-el\9.0.50\tomcat-embed-el-9.0.50.jar;E:\java-tools\repo\org\apache\tomcat\embed\tomcat-embed-websocket\9.0.50\tomcat-embed-websocket-9.0.50.jar;E:\java-tools\repo\org\springframework\spring-web\5.3.9\spring-web-5.3.9.jar;E:\java-tools\repo\org\springframework\spring-beans\5.3.9\spring-beans-5.3.9.jar;E:\java-tools\repo\org\springframework\spring-webmvc\5.3.9\spring-webmvc-5.3.9.jar;E:\java-tools\repo\org\springframework\spring-aop\5.3.9\spring-aop-5.3.9.jar;E:\java-tools\repo\org\springframework\spring-context\5.3.9\spring-context-5.3.9.jar;E:\java-tools\repo\org\springframework\spring-expression\5.3.9\spring-expression-5.3.9.jar;E:\java-tools\repo\org\springframework\boot\spring-boot-starter-thymeleaf\2.5.3\spring-boot-starter-thymeleaf-2.5.3.jar;E:\java-tools\repo\org\thymeleaf\thymeleaf-spring5\3.0.12.RELEASE\thymeleaf-spring5-3.0.12.RELEASE.jar;E:\java-tools\repo\org\thymeleaf\thymeleaf\3.0.12.RELEASE\thymeleaf-3.0.12.RELEASE.jar;E:\java-tools\repo\org\attoparser\attoparser\2.0.5.RELEASE\attoparser-2.0.5.RELEASE.jar;E:\java-tools\repo\org\unbescape\unbescape\1.1.6.RELEASE\unbescape-1.1.6.RELEASE.jar;E:\java-tools\repo\org\slf4j\slf4j-api\1.7.32\slf4j-api-1.7.32.jar;E:\java-tools\repo\org\thymeleaf\extras\thymeleaf-extras-java8time\3.0.4.RELEASE\thymeleaf-extras-java8time-3.0.4.RELEASE.jar;E:\java-tools\repo\mysql\mysql-connector-java\8.0.26\mysql-connector-java-8.0.26.jar;E:\java-tools\repo\org\projectlombok\lombok\1.18.20\lombok-1.18.20.jar;E:\java-tools\repo\org\springframework\boot\spring-boot-starter-test\2.5.3\spring-boot-starter-test-2.5.3.jar;E:\java-tools\repo\org\springframework\boot\spring-boot-test\2.5.3\spring-boot-test-2.5.3.jar;E:\java-tools\repo\org\springframework\boot\spring-boot-test-autoconfigure\2.5.3\spring-boot-test-autoconfigure-2.5.3.jar;E:\java-tools\repo\com\jayway\jsonpath\json-path\2.5.0\json-path-2.5.0.jar;E:\java-tools\repo\net\minidev\json-smart\2.4.7\json-smart-2.4.7.jar;E:\java-tools\repo\net\minidev\accessors-smart\2.4.7\accessors-smart-2.4.7.jar;E:\java-tools\repo\org\ow2\asm\asm\9.1\asm-9.1.jar;E:\java-tools\repo\jakarta\xml\bind\jakarta.xml.bind-api\2.3.3\jakarta.xml.bind-api-2.3.3.jar;E:\java-tools\repo\jakarta\activation\jakarta.activation-api\1.2.2\jakarta.activation-api-1.2.2.jar;E:\java-tools\repo\org\assertj\assertj-core\3.19.0\assertj-core-3.19.0.jar;E:\java-tools\repo\org\hamcrest\hamcrest\2.2\hamcrest-2.2.jar;E:\java-tools\repo\org\junit\jupiter\junit-jupiter\5.7.2\junit-jupiter-5.7.2.jar;E:\java-tools\repo\org\junit\jupiter\junit-jupiter-api\5.7.2\junit-jupiter-api-5.7.2.jar;E:\java-tools\repo\org\apiguardian\apiguardian-api\1.1.0\apiguardian-api-1.1.0.jar;E:\java-tools\repo\org\opentest4j\opentest4j\1.2.0\opentest4j-1.2.0.jar;E:\java-tools\repo\org\junit\platform\junit-platform-commons\1.7.2\junit-platform-commons-1.7.2.jar;E:\java-tools\repo\org\junit\jupiter\junit-jupiter-params\5.7.2\junit-jupiter-params-5.7.2.jar;E:\java-tools\repo\org\junit\jupiter\junit-jupiter-engine\5.7.2\junit-jupiter-engine-5.7.2.jar;E:\java-tools\repo\org\junit\platform\junit-platform-engine\1.7.2\junit-platform-engine-1.7.2.jar;E:\java-tools\repo\org\mockito\mockito-core\3.9.0\mockito-core-3.9.0.jar;E:\java-tools\repo\net\bytebuddy\byte-buddy\1.10.22\byte-buddy-1.10.22.jar;E:\java-tools\repo\net\bytebuddy\byte-buddy-agent\1.10.22\byte-buddy-agent-1.10.22.jar;E:\java-tools\repo\org\objenesis\objenesis\3.2\objenesis-3.2.jar;E:\java-tools\repo\org\mockito\mockito-junit-jupiter\3.9.0\mockito-junit-jupiter-3.9.0.jar;E:\java-tools\repo\org\skyscreamer\jsonassert\1.5.0\jsonassert-1.5.0.jar;E:\java-tools\repo\com\vaadin\external\google\android-json\0.0.20131108.vaadin1\android-json-0.0.20131108.vaadin1.jar;E:\java-tools\repo\org\springframework\spring-core\5.3.9\spring-core-5.3.9.jar;E:\java-tools\repo\org\springframework\spring-jcl\5.3.9\spring-jcl-5.3.9.jar;E:\java-tools\repo\org\springframework\spring-test\5.3.9\spring-test-5.3.9.jar;E:\java-tools\repo\org\xmlunit\xmlunit-core\2.8.2\xmlunit-core-2.8.2.jar;E:\java-tools\repo\org\springframework\boot\spring-boot-starter-jdbc\2.5.3\spring-boot-starter-jdbc-2.5.3.jar;E:\java-tools\repo\com\zaxxer\HikariCP\4.0.3\HikariCP-4.0.3.jar;E:\java-tools\repo\org\springframework\spring-jdbc\5.3.9\spring-jdbc-5.3.9.jar;E:\java-tools\repo\org\springframework\spring-tx\5.3.9\spring-tx-5.3.9.jar;"/>
    <property name="java.vm.vendor" value="Oracle Corporation"/>
    <property name="sun.arch.data.model" value="64"/>
    <property name="user.variant" value=""/>
    <property name="java.vendor.url" value="http://java.oracle.com/"/>
    <property name="user.timezone" value="Asia/Shanghai"/>
    <property name="java.vm.specification.version" value="1.8"/>
    <property name="os.name" value="Windows 10"/>
    <property name="user.country" value="CN"/>
    <property name="sun.java.launcher" value="SUN_STANDARD"/>
    <property name="sun.boot.library.path" value="C:\Program Files\Java\jdk1.8.0_271\jre\bin"/>
    <property name="sun.java.command" value="C:\Users\RAININ~1\AppData\Local\Temp\surefire6121625833363909456\surefirebooter5713978984014803305.jar C:\Users\rainingapple\AppData\Local\Temp\surefire6121625833363909456 2021-08-06T09-22-48_470-jvmRun1 surefire5030594116619019312tmp surefire_02893893444524228259tmp"/>
    <property name="surefire.test.class.path" value="E:\课程资料\生产实习\pdata\target\test-classes;E:\课程资料\生产实习\pdata\target\classes;E:\java-tools\repo\org\springframework\boot\spring-boot-starter-web\2.5.3\spring-boot-starter-web-2.5.3.jar;E:\java-tools\repo\org\springframework\boot\spring-boot-starter\2.5.3\spring-boot-starter-2.5.3.jar;E:\java-tools\repo\org\springframework\boot\spring-boot\2.5.3\spring-boot-2.5.3.jar;E:\java-tools\repo\org\springframework\boot\spring-boot-autoconfigure\2.5.3\spring-boot-autoconfigure-2.5.3.jar;E:\java-tools\repo\org\springframework\boot\spring-boot-starter-logging\2.5.3\spring-boot-starter-logging-2.5.3.jar;E:\java-tools\repo\ch\qos\logback\logback-classic\1.2.4\logback-classic-1.2.4.jar;E:\java-tools\repo\ch\qos\logback\logback-core\1.2.4\logback-core-1.2.4.jar;E:\java-tools\repo\org\apache\logging\log4j\log4j-to-slf4j\2.14.1\log4j-to-slf4j-2.14.1.jar;E:\java-tools\repo\org\apache\logging\log4j\log4j-api\2.14.1\log4j-api-2.14.1.jar;E:\java-tools\repo\org\slf4j\jul-to-slf4j\1.7.32\jul-to-slf4j-1.7.32.jar;E:\java-tools\repo\jakarta\annotation\jakarta.annotation-api\1.3.5\jakarta.annotation-api-1.3.5.jar;E:\java-tools\repo\org\yaml\snakeyaml\1.28\snakeyaml-1.28.jar;E:\java-tools\repo\org\springframework\boot\spring-boot-starter-json\2.5.3\spring-boot-starter-json-2.5.3.jar;E:\java-tools\repo\com\fasterxml\jackson\core\jackson-databind\2.12.4\jackson-databind-2.12.4.jar;E:\java-tools\repo\com\fasterxml\jackson\core\jackson-annotations\2.12.4\jackson-annotations-2.12.4.jar;E:\java-tools\repo\com\fasterxml\jackson\core\jackson-core\2.12.4\jackson-core-2.12.4.jar;E:\java-tools\repo\com\fasterxml\jackson\datatype\jackson-datatype-jdk8\2.12.4\jackson-datatype-jdk8-2.12.4.jar;E:\java-tools\repo\com\fasterxml\jackson\datatype\jackson-datatype-jsr310\2.12.4\jackson-datatype-jsr310-2.12.4.jar;E:\java-tools\repo\com\fasterxml\jackson\module\jackson-module-parameter-names\2.12.4\jackson-module-parameter-names-2.12.4.jar;E:\java-tools\repo\org\springframework\boot\spring-boot-starter-tomcat\2.5.3\spring-boot-starter-tomcat-2.5.3.jar;E:\java-tools\repo\org\apache\tomcat\embed\tomcat-embed-core\9.0.50\tomcat-embed-core-9.0.50.jar;E:\java-tools\repo\org\apache\tomcat\embed\tomcat-embed-el\9.0.50\tomcat-embed-el-9.0.50.jar;E:\java-tools\repo\org\apache\tomcat\embed\tomcat-embed-websocket\9.0.50\tomcat-embed-websocket-9.0.50.jar;E:\java-tools\repo\org\springframework\spring-web\5.3.9\spring-web-5.3.9.jar;E:\java-tools\repo\org\springframework\spring-beans\5.3.9\spring-beans-5.3.9.jar;E:\java-tools\repo\org\springframework\spring-webmvc\5.3.9\spring-webmvc-5.3.9.jar;E:\java-tools\repo\org\springframework\spring-aop\5.3.9\spring-aop-5.3.9.jar;E:\java-tools\repo\org\springframework\spring-context\5.3.9\spring-context-5.3.9.jar;E:\java-tools\repo\org\springframework\spring-expression\5.3.9\spring-expression-5.3.9.jar;E:\java-tools\repo\org\springframework\boot\spring-boot-starter-thymeleaf\2.5.3\spring-boot-starter-thymeleaf-2.5.3.jar;E:\java-tools\repo\org\thymeleaf\thymeleaf-spring5\3.0.12.RELEASE\thymeleaf-spring5-3.0.12.RELEASE.jar;E:\java-tools\repo\org\thymeleaf\thymeleaf\3.0.12.RELEASE\thymeleaf-3.0.12.RELEASE.jar;E:\java-tools\repo\org\attoparser\attoparser\2.0.5.RELEASE\attoparser-2.0.5.RELEASE.jar;E:\java-tools\repo\org\unbescape\unbescape\1.1.6.RELEASE\unbescape-1.1.6.RELEASE.jar;E:\java-tools\repo\org\slf4j\slf4j-api\1.7.32\slf4j-api-1.7.32.jar;E:\java-tools\repo\org\thymeleaf\extras\thymeleaf-extras-java8time\3.0.4.RELEASE\thymeleaf-extras-java8time-3.0.4.RELEASE.jar;E:\java-tools\repo\mysql\mysql-connector-java\8.0.26\mysql-connector-java-8.0.26.jar;E:\java-tools\repo\org\projectlombok\lombok\1.18.20\lombok-1.18.20.jar;E:\java-tools\repo\org\springframework\boot\spring-boot-starter-test\2.5.3\spring-boot-starter-test-2.5.3.jar;E:\java-tools\repo\org\springframework\boot\spring-boot-test\2.5.3\spring-boot-test-2.5.3.jar;E:\java-tools\repo\org\springframework\boot\spring-boot-test-autoconfigure\2.5.3\spring-boot-test-autoconfigure-2.5.3.jar;E:\java-tools\repo\com\jayway\jsonpath\json-path\2.5.0\json-path-2.5.0.jar;E:\java-tools\repo\net\minidev\json-smart\2.4.7\json-smart-2.4.7.jar;E:\java-tools\repo\net\minidev\accessors-smart\2.4.7\accessors-smart-2.4.7.jar;E:\java-tools\repo\org\ow2\asm\asm\9.1\asm-9.1.jar;E:\java-tools\repo\jakarta\xml\bind\jakarta.xml.bind-api\2.3.3\jakarta.xml.bind-api-2.3.3.jar;E:\java-tools\repo\jakarta\activation\jakarta.activation-api\1.2.2\jakarta.activation-api-1.2.2.jar;E:\java-tools\repo\org\assertj\assertj-core\3.19.0\assertj-core-3.19.0.jar;E:\java-tools\repo\org\hamcrest\hamcrest\2.2\hamcrest-2.2.jar;E:\java-tools\repo\org\junit\jupiter\junit-jupiter\5.7.2\junit-jupiter-5.7.2.jar;E:\java-tools\repo\org\junit\jupiter\junit-jupiter-api\5.7.2\junit-jupiter-api-5.7.2.jar;E:\java-tools\repo\org\apiguardian\apiguardian-api\1.1.0\apiguardian-api-1.1.0.jar;E:\java-tools\repo\org\opentest4j\opentest4j\1.2.0\opentest4j-1.2.0.jar;E:\java-tools\repo\org\junit\platform\junit-platform-commons\1.7.2\junit-platform-commons-1.7.2.jar;E:\java-tools\repo\org\junit\jupiter\junit-jupiter-params\5.7.2\junit-jupiter-params-5.7.2.jar;E:\java-tools\repo\org\junit\jupiter\junit-jupiter-engine\5.7.2\junit-jupiter-engine-5.7.2.jar;E:\java-tools\repo\org\junit\platform\junit-platform-engine\1.7.2\junit-platform-engine-1.7.2.jar;E:\java-tools\repo\org\mockito\mockito-core\3.9.0\mockito-core-3.9.0.jar;E:\java-tools\repo\net\bytebuddy\byte-buddy\1.10.22\byte-buddy-1.10.22.jar;E:\java-tools\repo\net\bytebuddy\byte-buddy-agent\1.10.22\byte-buddy-agent-1.10.22.jar;E:\java-tools\repo\org\objenesis\objenesis\3.2\objenesis-3.2.jar;E:\java-tools\repo\org\mockito\mockito-junit-jupiter\3.9.0\mockito-junit-jupiter-3.9.0.jar;E:\java-tools\repo\org\skyscreamer\jsonassert\1.5.0\jsonassert-1.5.0.jar;E:\java-tools\repo\com\vaadin\external\google\android-json\0.0.20131108.vaadin1\android-json-0.0.20131108.vaadin1.jar;E:\java-tools\repo\org\springframework\spring-core\5.3.9\spring-core-5.3.9.jar;E:\java-tools\repo\org\springframework\spring-jcl\5.3.9\spring-jcl-5.3.9.jar;E:\java-tools\repo\org\springframework\spring-test\5.3.9\spring-test-5.3.9.jar;E:\java-tools\repo\org\xmlunit\xmlunit-core\2.8.2\xmlunit-core-2.8.2.jar;E:\java-tools\repo\org\springframework\boot\spring-boot-starter-jdbc\2.5.3\spring-boot-starter-jdbc-2.5.3.jar;E:\java-tools\repo\com\zaxxer\HikariCP\4.0.3\HikariCP-4.0.3.jar;E:\java-tools\repo\org\springframework\spring-jdbc\5.3.9\spring-jdbc-5.3.9.jar;E:\java-tools\repo\org\springframework\spring-tx\5.3.9\spring-tx-5.3.9.jar;"/>
    <property name="sun.cpu.endian" value="little"/>
    <property name="user.home" value="C:\Users\rainingapple"/>
    <property name="user.language" value="zh"/>
    <property name="java.specification.vendor" value="Oracle Corporation"/>
    <property name="java.home" value="C:\Program Files\Java\jdk1.8.0_271\jre"/>
    <property name="basedir" value="E:\课程资料\生产实习\pdata"/>
    <property name="file.separator" value="\"/>
    <property name="line.separator" value="&#10;"/>
    <property name="java.vm.specification.vendor" value="Oracle Corporation"/>
    <property name="java.specification.name" value="Java Platform API Specification"/>
    <property name="java.awt.graphicsenv" value="sun.awt.Win32GraphicsEnvironment"/>
    <property name="surefire.real.class.path" value="C:\Users\RAININ~1\AppData\Local\Temp\surefire6121625833363909456\surefirebooter5713978984014803305.jar"/>
    <property name="sun.boot.class.path" value="C:\Program Files\Java\jdk1.8.0_271\jre\lib\resources.jar;C:\Program Files\Java\jdk1.8.0_271\jre\lib\rt.jar;C:\Program Files\Java\jdk1.8.0_271\jre\lib\sunrsasign.jar;C:\Program Files\Java\jdk1.8.0_271\jre\lib\jsse.jar;C:\Program Files\Java\jdk1.8.0_271\jre\lib\jce.jar;C:\Program Files\Java\jdk1.8.0_271\jre\lib\charsets.jar;C:\Program Files\Java\jdk1.8.0_271\jre\lib\jfr.jar;C:\Program Files\Java\jdk1.8.0_271\jre\classes"/>
    <property name="user.script" value=""/>
    <property name="sun.management.compiler" value="HotSpot 64-Bit Tiered Compilers"/>
    <property name="java.runtime.version" value="1.8.0_271-b09"/>
    <property name="user.name" value="rainingapple"/>
    <property name="path.separator" value=";"/>
    <property name="os.version" value="10.0"/>
    <property name="java.endorsed.dirs" value="C:\Program Files\Java\jdk1.8.0_271\jre\lib\endorsed"/>
    <property name="java.runtime.name" value="Java(TM) SE Runtime Environment"/>
    <property name="file.encoding" value="GBK"/>
    <property name="java.vm.name" value="Java HotSpot(TM) 64-Bit Server VM"/>
    <property name="localRepository" value="E:\java-tools\repo"/>
    <property name="java.vendor.url.bug" value="http://bugreport.sun.com/bugreport/"/>
    <property name="java.io.tmpdir" value="C:\Users\RAININ~1\AppData\Local\Temp\"/>
    <property name="idea.version" value="2020.3.1"/>
    <property name="java.version" value="1.8.0_271"/>
    <property name="user.dir" value="E:\课程资料\生产实习\pdata"/>
    <property name="os.arch" value="amd64"/>
    <property name="java.vm.specification.name" value="Java Virtual Machine Specification"/>
    <property name="java.awt.printerjob" value="sun.awt.windows.WPrinterJob"/>
    <property name="sun.os.patch.level" value=""/>
    <property name="java.library.path" value="C:\Program Files\Java\jdk1.8.0_271\jre\bin;C:\Windows\Sun\Java\bin;C:\Windows\system32;C:\Windows;C:\Program Files (x86)\Common Files\Oracle\Java\javapath;C:\Program Files\NVIDIA GPU Computing Toolkit\CUDA\v9.0\bin;C:\Program Files\NVIDIA GPU Computing Toolkit\CUDA\v9.0\libnvvp;C:\Program Files\Common Files\Oracle\Java\javapath;C:\Windows\system32;C:\Windows;C:\Windows\System32\Wbem;C:\Windows\System32\WindowsPowerShell\v1.0\;C:\Windows\System32\OpenSSH\;D:\Git\cmd;D:\node.js\;C:\ProgramData\chocolatey\bin;C:\Program Files (x86)\NVIDIA Corporation\PhysX\Common;C:\Program Files\NVIDIA Corporation\NVIDIA NvDLISR;C:\Program Files\python;C:\Program Files\python\Scripts;E:\BtSoft\panel\script;C:\Program Files\PuTTY\;E:\java-tools\apache-maven-3.6.3\bin;E:\工具软件\omniORB-4.2.3\bin\x86_win32;E:\工具软件\;C:\Program Files\cuda;C:\Redis;D:\Anaconda;D:\Anaconda\Library\mingw-w64\bin;D:\Anaconda\Library\usr\bin;D:\Anaconda\Library\bin;D:\Anaconda\Scripts;C:\Users\rainingapple\AppData\Local\Programs\Python\Python37\Scripts\;C:\Users\rainingapple\AppData\Local\Programs\Python\Python37\;C:\Users\rainingapple\AppData\Local\Programs\Python\Python39\Scripts\;C:\Users\rainingapple\AppData\Local\Programs\Python\Python39\;C:\Users\rainingapple\AppData\Local\Microsoft\WindowsApps;C:\Users\rainingapple\AppData\Local\Programs\Microsoft VS Code\bin;D:\IntelliJ IDEA Community Edition 2020.2.3\bin;;D:\node.js\node_global;D:\PyCharm Community Edition 2020.2.3\bin;;C:\Program Files\Java\jdk1.8.0_271\bin;C:\Program Files\Java\jdk1.8.0_271\jre\bin;E:\工具软件\omniORB-4.2.3\bin\x86_win32;C:\Program Files\mingw64\bin;;."/>
    <property name="java.vm.info" value="mixed mode"/>
    <property name="java.vendor" value="Oracle Corporation"/>
    <property name="java.vm.version" value="25.271-b09"/>
    <property name="java.ext.dirs" value="C:\Program Files\Java\jdk1.8.0_271\jre\lib\ext;C:\Windows\Sun\Java\lib\ext"/>
    <property name="sun.io.unicode.encoding" value="UnicodeLittle"/>
    <property name="maven.repo.local" value="E:\java-tools\repo"/>
    <property name="java.class.version" value="52.0"/>
  </properties>
  <testcase name="contextLoads" classname="cn.rainingapple.StockrecApplicationTests" time="0.407"/>
</testsuite>